<?xml version="1.0" encoding="UTF-8"?>
<robot generator="Robot 6.1.1 (Python 3.12.0 on darwin)" generated="20231120 23:05:48.645" rpa="false" schemaversion="4">
<suite id="s1" name="Tests" source="/Users/janne/Documents/ohtu/palautusrepositorio/viikko3/login-robot/src/tests">
<suite id="s1-s1" name="Login" source="/Users/janne/Documents/ohtu/palautusrepositorio/viikko3/login-robot/src/tests/login.robot">
<test id="s1-s1-t1" name="Login With Correct Credentials" line="6">
<kw name="Create User And Input Login Command" type="SETUP">
<kw name="Create User" library="AppLibrary">
<arg>kalle</arg>
<arg>kalle123</arg>
<status status="PASS" starttime="20231120 23:05:48.654" endtime="20231120 23:05:48.654"/>
</kw>
<kw name="Input Login Command" library="resource">
<kw name="Input" library="AppLibrary">
<arg>login</arg>
<status status="PASS" starttime="20231120 23:05:48.654" endtime="20231120 23:05:48.654"/>
</kw>
<status status="PASS" starttime="20231120 23:05:48.654" endtime="20231120 23:05:48.654"/>
</kw>
<status status="PASS" starttime="20231120 23:05:48.653" endtime="20231120 23:05:48.654"/>
</kw>
<kw name="Input Credentials" library="resource">
<arg>kalle</arg>
<arg>kalle123</arg>
<kw name="Input" library="AppLibrary">
<arg>${username}</arg>
<status status="PASS" starttime="20231120 23:05:48.654" endtime="20231120 23:05:48.654"/>
</kw>
<kw name="Input" library="AppLibrary">
<arg>${password}</arg>
<status status="PASS" starttime="20231120 23:05:48.654" endtime="20231120 23:05:48.654"/>
</kw>
<kw name="Run Application" library="AppLibrary">
<status status="PASS" starttime="20231120 23:05:48.654" endtime="20231120 23:05:48.654"/>
</kw>
<status status="PASS" starttime="20231120 23:05:48.654" endtime="20231120 23:05:48.654"/>
</kw>
<kw name="Output Should Contain" library="AppLibrary">
<arg>Logged in</arg>
<status status="PASS" starttime="20231120 23:05:48.654" endtime="20231120 23:05:48.654"/>
</kw>
<status status="PASS" starttime="20231120 23:05:48.653" endtime="20231120 23:05:48.654"/>
</test>
<test id="s1-s1-t2" name="Login With Incorrect Password" line="10">
<kw name="Create User And Input Login Command" type="SETUP">
<kw name="Create User" library="AppLibrary">
<arg>kalle</arg>
<arg>kalle123</arg>
<status status="PASS" starttime="20231120 23:05:48.654" endtime="20231120 23:05:48.654"/>
</kw>
<kw name="Input Login Command" library="resource">
<kw name="Input" library="AppLibrary">
<arg>login</arg>
<status status="PASS" starttime="20231120 23:05:48.655" endtime="20231120 23:05:48.655"/>
</kw>
<status status="PASS" starttime="20231120 23:05:48.655" endtime="20231120 23:05:48.655"/>
</kw>
<status status="PASS" starttime="20231120 23:05:48.654" endtime="20231120 23:05:48.655"/>
</kw>
<kw name="Input Credentials" library="resource">
<arg>kalle</arg>
<arg>rfsefknef</arg>
<kw name="Input" library="AppLibrary">
<arg>${username}</arg>
<status status="PASS" starttime="20231120 23:05:48.655" endtime="20231120 23:05:48.655"/>
</kw>
<kw name="Input" library="AppLibrary">
<arg>${password}</arg>
<status status="PASS" starttime="20231120 23:05:48.655" endtime="20231120 23:05:48.655"/>
</kw>
<kw name="Run Application" library="AppLibrary">
<status status="PASS" starttime="20231120 23:05:48.655" endtime="20231120 23:05:48.655"/>
</kw>
<status status="PASS" starttime="20231120 23:05:48.655" endtime="20231120 23:05:48.655"/>
</kw>
<kw name="Output Should Contain" library="AppLibrary">
<arg>Invalid username or password</arg>
<status status="PASS" starttime="20231120 23:05:48.655" endtime="20231120 23:05:48.655"/>
</kw>
<status status="PASS" starttime="20231120 23:05:48.654" endtime="20231120 23:05:48.655"/>
</test>
<test id="s1-s1-t3" name="Login With Nonexistent Username" line="14">
<kw name="Create User And Input Login Command" type="SETUP">
<kw name="Create User" library="AppLibrary">
<arg>kalle</arg>
<arg>kalle123</arg>
<status status="PASS" starttime="20231120 23:05:48.655" endtime="20231120 23:05:48.655"/>
</kw>
<kw name="Input Login Command" library="resource">
<kw name="Input" library="AppLibrary">
<arg>login</arg>
<status status="PASS" starttime="20231120 23:05:48.655" endtime="20231120 23:05:48.655"/>
</kw>
<status status="PASS" starttime="20231120 23:05:48.655" endtime="20231120 23:05:48.655"/>
</kw>
<status status="PASS" starttime="20231120 23:05:48.655" endtime="20231120 23:05:48.655"/>
</kw>
<kw name="Input Credentials" library="resource">
<arg>wefwefwf</arg>
<arg>kalle123</arg>
<kw name="Input" library="AppLibrary">
<arg>${username}</arg>
<status status="PASS" starttime="20231120 23:05:48.655" endtime="20231120 23:05:48.655"/>
</kw>
<kw name="Input" library="AppLibrary">
<arg>${password}</arg>
<status status="PASS" starttime="20231120 23:05:48.655" endtime="20231120 23:05:48.655"/>
</kw>
<kw name="Run Application" library="AppLibrary">
<status status="PASS" starttime="20231120 23:05:48.655" endtime="20231120 23:05:48.656"/>
</kw>
<status status="PASS" starttime="20231120 23:05:48.655" endtime="20231120 23:05:48.656"/>
</kw>
<kw name="Output Should Contain" library="AppLibrary">
<arg>Invalid username or password</arg>
<status status="PASS" starttime="20231120 23:05:48.656" endtime="20231120 23:05:48.656"/>
</kw>
<status status="PASS" starttime="20231120 23:05:48.655" endtime="20231120 23:05:48.656"/>
</test>
<status status="PASS" starttime="20231120 23:05:48.651" endtime="20231120 23:05:48.656"/>
</suite>
<status status="PASS" starttime="20231120 23:05:48.646" endtime="20231120 23:05:48.656"/>
</suite>
<statistics>
<total>
<stat pass="3" fail="0" skip="0">All Tests</stat>
</total>
<tag>
</tag>
<suite>
<stat pass="3" fail="0" skip="0" id="s1" name="Tests">Tests</stat>
<stat pass="3" fail="0" skip="0" id="s1-s1" name="Login">Tests.Login</stat>
</suite>
</statistics>
<errors>
</errors>
</robot>
